SF:/Users/ivanpaulovich/.nuget/packages/microsoft.net.test.sdk/16.0.1/build/netcoreapp1.0/Microsoft.NET.Test.Sdk.Program.cs
FN:3,System.Void AutoGeneratedProgram::Main(System.String[])
FNDA:0,System.Void AutoGeneratedProgram::Main(System.String[])
DA:4,0
LF:1
LH:0
BRF:0
BRH:0
FNF:1
FNH:0
end_of_record
SF:/Users/ivanpaulovich/git/dotnet-clean-architecture/tests/TodoList.UnitTests/AddTodoItemTests.cs
FN:16,System.Void TodoList.UnitTests.AddTodoItemTests::GivenNullInput_ThrowsException()
FNDA:1,System.Void TodoList.UnitTests.AddTodoItemTests::GivenNullInput_ThrowsException()
DA:17,1
DA:18,1
DA:19,2
DA:20,1
FN:23,System.Void TodoList.UnitTests.AddTodoItemTests::GivenNullTitle_ThrowsException()
FNDA:1,System.Void TodoList.UnitTests.AddTodoItemTests::GivenNullTitle_ThrowsException()
DA:24,1
DA:25,1
DA:26,1
DA:27,2
DA:28,1
FN:31,System.Void TodoList.UnitTests.AddTodoItemTests::GivenEmptyTitle_ThrowsException()
FNDA:1,System.Void TodoList.UnitTests.AddTodoItemTests::GivenEmptyTitle_ThrowsException()
DA:32,1
DA:33,1
DA:34,1
DA:35,2
DA:36,1
FN:39,System.Void TodoList.UnitTests.AddTodoItemTests::GivenNotNullTitle_InvokeOutputHandler()
FNDA:1,System.Void TodoList.UnitTests.AddTodoItemTests::GivenNotNullTitle_InvokeOutputHandler()
DA:40,1
DA:41,1
DA:42,1
DA:43,1
DA:44,1
DA:46,1
DA:47,1
DA:48,1
DA:49,1
DA:50,1
FN:53,System.Void TodoList.UnitTests.AddTodoItemTests::GivenNotNullTitle_ReturnsId()
FNDA:1,System.Void TodoList.UnitTests.AddTodoItemTests::GivenNotNullTitle_ReturnsId()
DA:54,1
DA:55,1
DA:56,1
DA:57,1
DA:58,1
DA:60,1
DA:61,1
DA:62,1
DA:63,1
DA:64,1
LF:34
LH:34
BRF:0
BRH:0
FNF:5
FNH:5
end_of_record
SF:/Users/ivanpaulovich/git/dotnet-clean-architecture/tests/TodoList.UnitTests/ListTodoItemsTests.cs
FN:11,System.Void TodoList.UnitTests.ListTodoItemsTests::GivenNullContext_ThrowsException()
FNDA:1,System.Void TodoList.UnitTests.ListTodoItemsTests::GivenNullContext_ThrowsException()
DA:12,1
DA:13,1
DA:14,1
DA:15,1
DA:16,1
DA:17,1
DA:18,1
LF:7
LH:7
BRF:0
BRH:0
FNF:1
FNH:1
end_of_record
SF:/Users/ivanpaulovich/git/dotnet-clean-architecture/tests/TodoList.UnitTests/MarkItemCompletedTests.cs
FN:19,System.Void TodoList.UnitTests.MarkItemCompletedTests::MarkItemCompletedSuccess()
FNDA:1,System.Void TodoList.UnitTests.MarkItemCompletedTests::MarkItemCompletedSuccess()
DA:20,1
DA:21,1
DA:22,1
DA:23,1
DA:25,1
DA:27,2
DA:28,1
FN:31,System.Void TodoList.UnitTests.MarkItemCompletedTests::MarkItemCompleted_ThrowsException_WhenItemDoesNotExist()
FNDA:1,System.Void TodoList.UnitTests.MarkItemCompletedTests::MarkItemCompleted_ThrowsException_WhenItemDoesNotExist()
DA:32,1
DA:33,1
DA:34,1
DA:35,1
DA:37,2
DA:39,1
DA:40,1
DA:41,1
FN:15,System.Void TodoList.UnitTests.MarkItemCompletedTests::.ctor()
FNDA:2,System.Void TodoList.UnitTests.MarkItemCompletedTests::.ctor()
DA:16,2
LF:16
LH:16
BRF:2
BRH:1
FNF:3
FNH:3
end_of_record
SF:/Users/ivanpaulovich/git/dotnet-clean-architecture/tests/TodoList.UnitTests/MarkItemIncompletedTests.cs
FN:19,System.Void TodoList.UnitTests.MarkItemIncompletedTests::MarkItemIncompletedSuccess()
FNDA:1,System.Void TodoList.UnitTests.MarkItemIncompletedTests::MarkItemIncompletedSuccess()
DA:20,1
DA:21,1
DA:22,1
DA:23,1
DA:25,1
DA:27,2
DA:28,1
FN:31,System.Void TodoList.UnitTests.MarkItemIncompletedTests::MarkItemCompleted_ThrowsException_WhenItemDoesNotExist()
FNDA:1,System.Void TodoList.UnitTests.MarkItemIncompletedTests::MarkItemCompleted_ThrowsException_WhenItemDoesNotExist()
DA:32,1
DA:33,1
DA:34,1
DA:35,1
DA:37,2
DA:39,1
DA:40,1
DA:41,1
FN:15,System.Void TodoList.UnitTests.MarkItemIncompletedTests::.ctor()
FNDA:2,System.Void TodoList.UnitTests.MarkItemIncompletedTests::.ctor()
DA:16,2
LF:16
LH:16
BRF:2
BRH:1
FNF:3
FNH:3
end_of_record
SF:/Users/ivanpaulovich/git/dotnet-clean-architecture/tests/TodoList.UnitTests/RemoveTests.cs
FN:17,System.Void TodoList.UnitTests.RemoveTests::RemoveRemovesTodoItem()
FNDA:1,System.Void TodoList.UnitTests.RemoveTests::RemoveRemovesTodoItem()
DA:18,1
DA:19,1
DA:20,1
DA:21,1
DA:23,1
DA:25,5
DA:26,1
FN:29,System.Void TodoList.UnitTests.RemoveTests::RemoveThrowsException_WhenItemDoesNotExist()
FNDA:1,System.Void TodoList.UnitTests.RemoveTests::RemoveThrowsException_WhenItemDoesNotExist()
DA:30,1
DA:31,1
DA:32,1
DA:33,1
DA:35,2
DA:37,1
DA:38,1
DA:39,1
FN:13,System.Void TodoList.UnitTests.RemoveTests::.ctor()
FNDA:2,System.Void TodoList.UnitTests.RemoveTests::.ctor()
DA:14,2
LF:16
LH:16
BRF:0
BRH:0
FNF:3
FNH:3
end_of_record
SF:/Users/ivanpaulovich/git/dotnet-clean-architecture/tests/TodoList.UnitTests/UpdateTitleTests.cs
FN:15,System.Void TodoList.UnitTests.UpdateTitleTests::GivenNullInput_ThrowsException()
FNDA:1,System.Void TodoList.UnitTests.UpdateTitleTests::GivenNullInput_ThrowsException()
DA:16,1
DA:17,1
DA:18,2
DA:19,1
FN:22,System.Void TodoList.UnitTests.UpdateTitleTests::GivenNullTitle_ThrowsException()
FNDA:1,System.Void TodoList.UnitTests.UpdateTitleTests::GivenNullTitle_ThrowsException()
DA:23,1
DA:24,1
DA:25,1
DA:26,2
DA:27,1
FN:30,System.Void TodoList.UnitTests.UpdateTitleTests::GivenEmptyTitle_ThrowsException()
FNDA:1,System.Void TodoList.UnitTests.UpdateTitleTests::GivenEmptyTitle_ThrowsException()
DA:31,1
DA:32,1
DA:33,1
DA:34,2
DA:35,1
FN:38,System.Void TodoList.UnitTests.UpdateTitleTests::GivenTodoItem_TitleChanged()
FNDA:1,System.Void TodoList.UnitTests.UpdateTitleTests::GivenTodoItem_TitleChanged()
DA:39,1
DA:40,1
DA:41,1
DA:42,1
DA:43,1
DA:45,1
DA:46,1
DA:48,1
DA:49,1
DA:50,2
DA:51,1
DA:52,1
LF:26
LH:26
BRF:0
BRH:0
FNF:4
FNH:4
end_of_record
SF:/Users/ivanpaulovich/git/dotnet-clean-architecture/source/TodoList.Core/UseCases/AddTodoItem.cs
FN:25,System.Void TodoList.Core.UseCases.AddTodoItem::Execute(TodoList.Core.Boundaries.AddTodoItem.Request)
FNDA:6,System.Void TodoList.Core.UseCases.AddTodoItem::Execute(TodoList.Core.Boundaries.AddTodoItem.Request)
DA:26,6
DA:27,6
DA:28,1
DA:30,5
DA:31,2
DA:33,3
DA:34,3
DA:35,3
DA:37,3
DA:38,3
DA:39,3
BRDA:27,7,0,1
BRDA:27,7,1,5
BRDA:30,33,0,2
BRDA:30,33,1,3
FN:14,System.Void TodoList.Core.UseCases.AddTodoItem::.ctor(TodoList.Core.Boundaries.IResponseHandler`1<TodoList.Core.Boundaries.AddTodoItem.Response>,TodoList.Core.Gateways.ITodoItemGateway,TodoList.Core.Entities.IEntitiesFactory)
FNDA:6,System.Void TodoList.Core.UseCases.AddTodoItem::.ctor(TodoList.Core.Boundaries.IResponseHandler`1<TodoList.Core.Boundaries.AddTodoItem.Response>,TodoList.Core.Gateways.ITodoItemGateway,TodoList.Core.Entities.IEntitiesFactory)
DA:15,6
DA:16,6
DA:17,6
DA:18,6
DA:19,6
DA:20,6
DA:21,6
DA:22,6
DA:23,6
LF:20
LH:20
BRF:4
BRH:4
FNF:2
FNH:2
end_of_record
SF:/Users/ivanpaulovich/git/dotnet-clean-architecture/source/TodoList.Core/UseCases/ListTodoItems.cs
FN:21,System.Void TodoList.Core.UseCases.ListTodoItems::Execute()
FNDA:1,System.Void TodoList.Core.UseCases.ListTodoItems::Execute()
DA:22,1
DA:23,1
DA:24,1
DA:25,1
DA:26,1
FN:28,TodoList.Core.Boundaries.ListTodoItems.Response TodoList.Core.UseCases.ListTodoItems::BuildOutput(System.Collections.Generic.IList`1<TodoList.Core.Entities.ITodoItem>)
FNDA:1,TodoList.Core.Boundaries.ListTodoItems.Response TodoList.Core.UseCases.ListTodoItems::BuildOutput(System.Collections.Generic.IList`1<TodoList.Core.Entities.ITodoItem>)
DA:29,1
DA:30,1
DA:31,13
DA:32,5
DA:34,1
DA:35,1
BRDA:31,49,1,5
BRDA:31,49,0,1
FN:12,System.Void TodoList.Core.UseCases.ListTodoItems::.ctor(TodoList.Core.Boundaries.IResponseHandler`1<TodoList.Core.Boundaries.ListTodoItems.Response>,TodoList.Core.Gateways.ITodoItemGateway)
FNDA:1,System.Void TodoList.Core.UseCases.ListTodoItems::.ctor(TodoList.Core.Boundaries.IResponseHandler`1<TodoList.Core.Boundaries.ListTodoItems.Response>,TodoList.Core.Gateways.ITodoItemGateway)
DA:13,1
DA:14,1
DA:15,1
DA:16,1
DA:17,1
DA:18,1
DA:19,1
LF:18
LH:18
BRF:2
BRH:2
FNF:3
FNH:3
end_of_record
SF:/Users/ivanpaulovich/git/dotnet-clean-architecture/source/TodoList.Core/UseCases/MarkItemCompleted.cs
FN:18,System.Void TodoList.Core.UseCases.MarkItemCompleted::Execute(System.Guid)
FNDA:3,System.Void TodoList.Core.UseCases.MarkItemCompleted::Execute(System.Guid)
DA:19,3
DA:20,3
DA:21,1
DA:22,1
DA:23,1
FN:11,System.Void TodoList.Core.UseCases.MarkItemCompleted::.ctor(TodoList.Core.Gateways.ITodoItemGateway)
FNDA:3,System.Void TodoList.Core.UseCases.MarkItemCompleted::.ctor(TodoList.Core.Gateways.ITodoItemGateway)
DA:12,3
DA:13,3
DA:14,3
DA:15,3
DA:16,3
LF:10
LH:10
BRF:0
BRH:0
FNF:2
FNH:2
end_of_record
SF:/Users/ivanpaulovich/git/dotnet-clean-architecture/source/TodoList.Core/UseCases/MarkItemIncompleted.cs
FN:18,System.Void TodoList.Core.UseCases.MarkItemIncompleted::Execute(System.Guid)
FNDA:1,System.Void TodoList.Core.UseCases.MarkItemIncompleted::Execute(System.Guid)
DA:19,1
DA:20,1
DA:21,1
DA:22,1
DA:23,1
FN:11,System.Void TodoList.Core.UseCases.MarkItemIncompleted::.ctor(TodoList.Core.Gateways.ITodoItemGateway)
FNDA:1,System.Void TodoList.Core.UseCases.MarkItemIncompleted::.ctor(TodoList.Core.Gateways.ITodoItemGateway)
DA:12,1
DA:13,1
DA:14,1
DA:15,1
DA:16,1
LF:10
LH:10
BRF:0
BRH:0
FNF:2
FNH:2
end_of_record
SF:/Users/ivanpaulovich/git/dotnet-clean-architecture/source/TodoList.Core/UseCases/RemoveTodoItem.cs
FN:18,System.Void TodoList.Core.UseCases.RemoveTodoItem::Execute(System.Guid)
FNDA:2,System.Void TodoList.Core.UseCases.RemoveTodoItem::Execute(System.Guid)
DA:19,2
DA:20,2
DA:21,1
FN:11,System.Void TodoList.Core.UseCases.RemoveTodoItem::.ctor(TodoList.Core.Gateways.ITodoItemGateway)
FNDA:2,System.Void TodoList.Core.UseCases.RemoveTodoItem::.ctor(TodoList.Core.Gateways.ITodoItemGateway)
DA:12,2
DA:13,2
DA:14,2
DA:15,2
DA:16,2
LF:8
LH:8
BRF:0
BRH:0
FNF:2
FNH:2
end_of_record
SF:/Users/ivanpaulovich/git/dotnet-clean-architecture/source/TodoList.Core/UseCases/UpdateTitle.cs
FN:19,System.Void TodoList.Core.UseCases.UpdateTitle::Execute(TodoList.Core.Boundaries.UpdateTitle.Request)
FNDA:4,System.Void TodoList.Core.UseCases.UpdateTitle::Execute(TodoList.Core.Boundaries.UpdateTitle.Request)
DA:20,4
DA:21,4
DA:22,1
DA:24,3
DA:25,2
DA:27,1
DA:28,1
DA:29,1
DA:30,1
BRDA:21,7,0,1
BRDA:21,7,1,3
BRDA:24,33,0,2
BRDA:24,33,1,1
FN:12,System.Void TodoList.Core.UseCases.UpdateTitle::.ctor(TodoList.Core.Gateways.ITodoItemGateway)
FNDA:4,System.Void TodoList.Core.UseCases.UpdateTitle::.ctor(TodoList.Core.Gateways.ITodoItemGateway)
DA:13,4
DA:14,4
DA:15,4
DA:16,4
DA:17,4
LF:14
LH:14
BRF:4
BRH:4
FNF:2
FNH:2
end_of_record
SF:/Users/ivanpaulovich/git/dotnet-clean-architecture/source/TodoList.Core/Gateways/InMemory/InMemoryContext.cs
FN:9,System.Collections.ObjectModel.Collection`1<TodoList.Core.Entities.ITodoItem> TodoList.Core.Gateways.InMemory.InMemoryContext::get_TodoItems()
FNDA:78,System.Collections.ObjectModel.Collection`1<TodoList.Core.Entities.ITodoItem> TodoList.Core.Gateways.InMemory.InMemoryContext::get_TodoItems()
DA:10,78
FN:11,System.Void TodoList.Core.Gateways.InMemory.InMemoryContext::.ctor()
FNDA:10,System.Void TodoList.Core.Gateways.InMemory.InMemoryContext::.ctor()
DA:12,10
DA:13,10
DA:14,10
DA:15,10
DA:16,10
DA:17,10
DA:18,10
DA:19,10
DA:20,10
LF:10
LH:10
BRF:0
BRH:0
FNF:2
FNH:2
end_of_record
SF:/Users/ivanpaulovich/git/dotnet-clean-architecture/source/TodoList.Core/Gateways/InMemory/ResponseHandler.cs
FN:11,System.Collections.ObjectModel.Collection`1<TodoList.Core.Boundaries.AddTodoItem.Response> TodoList.Core.Gateways.InMemory.ResponseHandler::get_AddTodoItems()
FNDA:6,System.Collections.ObjectModel.Collection`1<TodoList.Core.Boundaries.AddTodoItem.Response> TodoList.Core.Gateways.InMemory.ResponseHandler::get_AddTodoItems()
DA:12,6
FN:12,System.Collections.ObjectModel.Collection`1<TodoList.Core.Boundaries.ListTodoItems.Response> TodoList.Core.Gateways.InMemory.ResponseHandler::get_ListTodoItems()
FNDA:1,System.Collections.ObjectModel.Collection`1<TodoList.Core.Boundaries.ListTodoItems.Response> TodoList.Core.Gateways.InMemory.ResponseHandler::get_ListTodoItems()
DA:13,1
FN:21,System.Void TodoList.Core.Gateways.InMemory.ResponseHandler::Handle(TodoList.Core.Boundaries.AddTodoItem.Response)
FNDA:3,System.Void TodoList.Core.Gateways.InMemory.ResponseHandler::Handle(TodoList.Core.Boundaries.AddTodoItem.Response)
DA:22,3
DA:23,3
DA:24,3
FN:26,System.Void TodoList.Core.Gateways.InMemory.ResponseHandler::Handle(TodoList.Core.Boundaries.ListTodoItems.Response)
FNDA:1,System.Void TodoList.Core.Gateways.InMemory.ResponseHandler::Handle(TodoList.Core.Boundaries.ListTodoItems.Response)
DA:27,1
DA:28,1
DA:29,1
FN:14,System.Void TodoList.Core.Gateways.InMemory.ResponseHandler::.ctor()
FNDA:4,System.Void TodoList.Core.Gateways.InMemory.ResponseHandler::.ctor()
DA:15,4
DA:16,4
DA:17,4
DA:18,4
DA:19,4
LF:13
LH:13
BRF:0
BRH:0
FNF:5
FNH:5
end_of_record
SF:/Users/ivanpaulovich/git/dotnet-clean-architecture/source/TodoList.Core/Gateways/InMemory/TodoItemGateway.cs
FN:19,System.Void TodoList.Core.Gateways.InMemory.TodoItemGateway::Add(TodoList.Core.Entities.ITodoItem)
FNDA:3,System.Void TodoList.Core.Gateways.InMemory.TodoItemGateway::Add(TodoList.Core.Entities.ITodoItem)
DA:20,3
DA:21,3
DA:22,3
FN:24,System.Void TodoList.Core.Gateways.InMemory.TodoItemGateway::Delete(System.Guid)
FNDA:2,System.Void TodoList.Core.Gateways.InMemory.TodoItemGateway::Delete(System.Guid)
DA:25,2
DA:26,2
DA:27,12
DA:28,2
DA:30,2
DA:31,1
DA:33,1
DA:34,1
BRDA:30,54,0,1
BRDA:30,54,1,1
FN:36,TodoList.Core.Entities.ITodoItem TodoList.Core.Gateways.InMemory.TodoItemGateway::Get(System.Guid)
FNDA:5,TodoList.Core.Entities.ITodoItem TodoList.Core.Gateways.InMemory.TodoItemGateway::Get(System.Guid)
DA:37,5
DA:38,5
DA:39,31
DA:40,5
DA:42,5
DA:43,2
DA:45,3
DA:46,3
BRDA:42,54,0,2
BRDA:42,54,1,3
FN:48,System.Collections.Generic.IList`1<TodoList.Core.Entities.ITodoItem> TodoList.Core.Gateways.InMemory.TodoItemGateway::List()
FNDA:1,System.Collections.Generic.IList`1<TodoList.Core.Entities.ITodoItem> TodoList.Core.Gateways.InMemory.TodoItemGateway::List()
DA:49,1
DA:50,1
DA:51,1
FN:53,System.Void TodoList.Core.Gateways.InMemory.TodoItemGateway::Update(TodoList.Core.Entities.ITodoItem)
FNDA:3,System.Void TodoList.Core.Gateways.InMemory.TodoItemGateway::Update(TodoList.Core.Entities.ITodoItem)
DA:54,3
DA:55,3
DA:56,19
DA:57,3
DA:59,3
DA:60,0
DA:62,3
DA:63,3
BRDA:59,54,0,0
BRDA:59,54,1,3
FN:13,System.Void TodoList.Core.Gateways.InMemory.TodoItemGateway::.ctor(TodoList.Core.Gateways.InMemory.InMemoryContext)
FNDA:10,System.Void TodoList.Core.Gateways.InMemory.TodoItemGateway::.ctor(TodoList.Core.Gateways.InMemory.InMemoryContext)
DA:14,10
DA:15,10
DA:16,10
DA:17,10
LF:34
LH:33
BRF:6
BRH:5
FNF:6
FNH:6
end_of_record
SF:/Users/ivanpaulovich/git/dotnet-clean-architecture/source/TodoList.Core/Exceptions/BusinessException.cs
FN:6,System.Void TodoList.Core.Exceptions.BusinessException::.ctor(System.String)
FNDA:3,System.Void TodoList.Core.Exceptions.BusinessException::.ctor(System.String)
DA:7,3
DA:8,3
DA:9,3
LF:3
LH:3
BRF:0
BRH:0
FNF:1
FNH:1
end_of_record
SF:/Users/ivanpaulovich/git/dotnet-clean-architecture/source/TodoList.Core/Exceptions/InfrastructureException.cs
FN:6,System.Void TodoList.Core.Exceptions.InfrastructureException::.ctor(System.String)
FNDA:0,System.Void TodoList.Core.Exceptions.InfrastructureException::.ctor(System.String)
DA:7,0
DA:8,0
DA:9,0
LF:3
LH:0
BRF:0
BRH:0
FNF:1
FNH:0
end_of_record
SF:/Users/ivanpaulovich/git/dotnet-clean-architecture/source/TodoList.Core/Entities/EntitiesFactory.cs
FN:5,TodoList.Core.Entities.ITodoItem TodoList.Core.Entities.EntitiesFactory::NewTodoItem()
FNDA:3,TodoList.Core.Entities.ITodoItem TodoList.Core.Entities.EntitiesFactory::NewTodoItem()
DA:6,3
DA:7,3
DA:8,3
DA:9,3
LF:4
LH:4
BRF:0
BRH:0
FNF:1
FNH:1
end_of_record
SF:/Users/ivanpaulovich/git/dotnet-clean-architecture/source/TodoList.Core/Entities/TodoItem.cs
FN:6,System.Guid TodoList.Core.Entities.TodoItem::get_Id()
FNDA:185,System.Guid TodoList.Core.Entities.TodoItem::get_Id()
DA:7,185
FN:7,System.String TodoList.Core.Entities.TodoItem::get_Title()
FNDA:59,System.String TodoList.Core.Entities.TodoItem::get_Title()
DA:8,59
FN:8,System.Boolean TodoList.Core.Entities.TodoItem::get_IsCompleted()
FNDA:4,System.Boolean TodoList.Core.Entities.TodoItem::get_IsCompleted()
DA:9,4
FN:16,System.Void TodoList.Core.Entities.TodoItem::UpdateTitle(System.String)
FNDA:4,System.Void TodoList.Core.Entities.TodoItem::UpdateTitle(System.String)
DA:17,4
DA:18,4
DA:19,4
FN:21,TodoList.Core.Entities.TodoItem TodoList.Core.Entities.TodoItem::Restore(System.Guid,System.String)
FNDA:50,TodoList.Core.Entities.TodoItem TodoList.Core.Entities.TodoItem::Restore(System.Guid,System.String)
DA:22,50
DA:23,50
DA:24,50
DA:25,50
DA:26,50
DA:27,50
FN:29,System.Void TodoList.Core.Entities.TodoItem::MarkCompleted()
FNDA:1,System.Void TodoList.Core.Entities.TodoItem::MarkCompleted()
DA:30,1
DA:31,1
DA:32,1
FN:34,System.Void TodoList.Core.Entities.TodoItem::MarkIncomplete()
FNDA:1,System.Void TodoList.Core.Entities.TodoItem::MarkIncomplete()
DA:35,1
DA:36,1
DA:37,1
FN:10,System.Void TodoList.Core.Entities.TodoItem::.ctor()
FNDA:53,System.Void TodoList.Core.Entities.TodoItem::.ctor()
DA:11,53
DA:12,53
DA:13,53
DA:14,53
LF:22
LH:22
BRF:0
BRH:0
FNF:8
FNH:8
end_of_record
SF:/Users/ivanpaulovich/git/dotnet-clean-architecture/source/TodoList.Core/Boundaries/UpdateTitle/Request.cs
FN:12,System.Guid TodoList.Core.Boundaries.UpdateTitle.Request::get_TodoItemId()
FNDA:1,System.Guid TodoList.Core.Boundaries.UpdateTitle.Request::get_TodoItemId()
DA:13,1
FN:13,System.String TodoList.Core.Boundaries.UpdateTitle.Request::get_Title()
FNDA:4,System.String TodoList.Core.Boundaries.UpdateTitle.Request::get_Title()
DA:14,4
FN:6,System.Void TodoList.Core.Boundaries.UpdateTitle.Request::.ctor(System.Guid,System.String)
FNDA:3,System.Void TodoList.Core.Boundaries.UpdateTitle.Request::.ctor(System.Guid,System.String)
DA:7,3
DA:8,3
DA:9,3
DA:10,3
DA:11,3
LF:7
LH:7
BRF:0
BRH:0
FNF:3
FNH:3
end_of_record
SF:/Users/ivanpaulovich/git/dotnet-clean-architecture/source/TodoList.Core/Boundaries/ListTodoItems/Response.cs
FN:8,System.Collections.Generic.IReadOnlyCollection`1<TodoList.Core.Boundaries.ListTodoItems.TodoItem> TodoList.Core.Boundaries.ListTodoItems.Response::get_Items()
FNDA:0,System.Collections.Generic.IReadOnlyCollection`1<TodoList.Core.Boundaries.ListTodoItems.TodoItem> TodoList.Core.Boundaries.ListTodoItems.Response::get_Items()
DA:9,0
FN:10,System.Void TodoList.Core.Boundaries.ListTodoItems.Response::.ctor(System.Collections.Generic.IList`1<TodoList.Core.Boundaries.ListTodoItems.TodoItem>)
FNDA:1,System.Void TodoList.Core.Boundaries.ListTodoItems.Response::.ctor(System.Collections.Generic.IList`1<TodoList.Core.Boundaries.ListTodoItems.TodoItem>)
DA:11,1
DA:12,1
DA:13,1
DA:14,1
LF:5
LH:4
BRF:0
BRH:0
FNF:2
FNH:1
end_of_record
SF:/Users/ivanpaulovich/git/dotnet-clean-architecture/source/TodoList.Core/Boundaries/ListTodoItems/ResponseBuilder.cs
FN:15,TodoList.Core.Boundaries.ListTodoItems.ResponseBuilder TodoList.Core.Boundaries.ListTodoItems.ResponseBuilder::WithItem(System.Guid,System.String)
FNDA:5,TodoList.Core.Boundaries.ListTodoItems.ResponseBuilder TodoList.Core.Boundaries.ListTodoItems.ResponseBuilder::WithItem(System.Guid,System.String)
DA:16,5
DA:17,5
DA:18,5
DA:19,5
FN:21,TodoList.Core.Boundaries.ListTodoItems.Response TodoList.Core.Boundaries.ListTodoItems.ResponseBuilder::Build()
FNDA:1,TodoList.Core.Boundaries.ListTodoItems.Response TodoList.Core.Boundaries.ListTodoItems.ResponseBuilder::Build()
DA:22,1
DA:23,1
DA:24,1
DA:25,1
FN:9,System.Void TodoList.Core.Boundaries.ListTodoItems.ResponseBuilder::.ctor()
FNDA:1,System.Void TodoList.Core.Boundaries.ListTodoItems.ResponseBuilder::.ctor()
DA:10,1
DA:11,1
DA:12,1
DA:13,1
LF:12
LH:12
BRF:0
BRH:0
FNF:3
FNH:3
end_of_record
SF:/Users/ivanpaulovich/git/dotnet-clean-architecture/source/TodoList.Core/Boundaries/ListTodoItems/TodoItem.cs
FN:6,System.Guid TodoList.Core.Boundaries.ListTodoItems.TodoItem::get_Id()
FNDA:0,System.Guid TodoList.Core.Boundaries.ListTodoItems.TodoItem::get_Id()
DA:7,0
FN:7,System.String TodoList.Core.Boundaries.ListTodoItems.TodoItem::get_Title()
FNDA:0,System.String TodoList.Core.Boundaries.ListTodoItems.TodoItem::get_Title()
DA:8,0
FN:9,System.Void TodoList.Core.Boundaries.ListTodoItems.TodoItem::.ctor(System.Guid,System.String)
FNDA:5,System.Void TodoList.Core.Boundaries.ListTodoItems.TodoItem::.ctor(System.Guid,System.String)
DA:10,5
DA:11,5
DA:12,5
DA:13,5
DA:14,5
LF:7
LH:5
BRF:0
BRH:0
FNF:3
FNH:1
end_of_record
SF:/Users/ivanpaulovich/git/dotnet-clean-architecture/source/TodoList.Core/Boundaries/AddTodoItem/Request.cs
FN:4,System.String TodoList.Core.Boundaries.AddTodoItem.Request::get_Title()
FNDA:8,System.String TodoList.Core.Boundaries.AddTodoItem.Request::get_Title()
DA:5,8
FN:6,System.Void TodoList.Core.Boundaries.AddTodoItem.Request::.ctor(System.String)
FNDA:5,System.Void TodoList.Core.Boundaries.AddTodoItem.Request::.ctor(System.String)
DA:7,5
DA:8,5
DA:9,5
DA:10,5
LF:5
LH:5
BRF:0
BRH:0
FNF:2
FNH:2
end_of_record
SF:/Users/ivanpaulovich/git/dotnet-clean-architecture/source/TodoList.Core/Boundaries/AddTodoItem/Response.cs
FN:6,System.Guid TodoList.Core.Boundaries.AddTodoItem.Response::get_Id()
FNDA:2,System.Guid TodoList.Core.Boundaries.AddTodoItem.Response::get_Id()
DA:7,2
FN:8,System.Void TodoList.Core.Boundaries.AddTodoItem.Response::.ctor(System.Guid)
FNDA:3,System.Void TodoList.Core.Boundaries.AddTodoItem.Response::.ctor(System.Guid)
DA:9,3
DA:10,3
DA:11,3
DA:12,3
LF:5
LH:5
BRF:0
BRH:0
FNF:2
FNH:2
end_of_record